[01:06:22] [main/WARN] [FML]: Potentially Dangerous alternative prefix `lavasources` for name `elements`, expected `minecraft`. This could be a intended override, but in most cases indicates a broken mod.
[01:06:22] [main/WARN] [FML]: Potentially Dangerous alternative prefix `lavasources` for name `default_gui`, expected `minecraft`. This could be a intended override, but in most cases indicates a broken mod.
[01:06:22] [main/WARN] [FML]: Potentially Dangerous alternative prefix `lavasources` for name `book_base`, expected `minecraft`. This could be a intended override, but in most cases indicates a broken mod.
[01:06:22] [main/WARN] [FML]: Potentially Dangerous alternative prefix `lavasources` for name `default_scrollable_background`, expected `minecraft`. This could be a intended override, but in most cases indicates a broken mod.
[01:06:22] [main/WARN] [FML]: Potentially Dangerous alternative prefix `lavasources` for name `elements`, expected `minecraft`. This could be a intended override, but in most cases indicates a broken mod.
[01:06:22] [main/WARN] [FML]: Potentially Dangerous alternative prefix `lavasources` for name `default_gui`, expected `minecraft`. This could be a intended override, but in most cases indicates a broken mod.
[01:06:22] [main/WARN] [FML]: Potentially Dangerous alternative prefix `lavasources` for name `book_base`, expected `minecraft`. This could be a intended override, but in most cases indicates a broken mod.
[01:06:22] [main/WARN] [FML]: Potentially Dangerous alternative prefix `lavasources` for name `default_scrollable_background`, expected `minecraft`. This could be a intended override, but in most cases indicates a broken mod.
[01:06:22] [main/WARN] [FML]: Potentially Dangerous alternative prefix `lavasources` for name `default_fill`, expected `minecraft`. This could be a intended override, but in most cases indicates a broken mod.
[01:06:22] [main/WARN] [FML]: Potentially Dangerous alternative prefix `lavasources` for name `default_gui`, expected `minecraft`. This could be a intended override, but in most cases indicates a broken mod.
[01:06:22] [main/WARN] [FML]: Potentially Dangerous alternative prefix `lavasources` for name `fillable_horizontal`, expected `minecraft`. This could be a intended override, but in most cases indicates a broken mod.
[01:06:22] [main/WARN] [FML]: Potentially Dangerous alternative prefix `lavasources` for name `fillable_vertical`, expected `minecraft`. This could be a intended override, but in most cases indicates a broken mod.
[01:06:22] [main/WARN] [FML]: Potentially Dangerous alternative prefix `lavasources` for name `energy_fill`, expected `minecraft`. This could be a intended override, but in most cases indicates a broken mod.
[01:06:22] [main/WARN] [FML]: Potentially Dangerous alternative prefix `lavasources` for name `inventory_slot`, expected `minecraft`. This could be a intended override, but in most cases indicates a broken mod.
[01:06:22] [main/WARN] [FML]: Potentially Dangerous alternative prefix `lavasources` for name `fillable_wide`, expected `minecraft`. This could be a intended override, but in most cases indicates a broken mod.
[01:06:22] [main/WARN] [FML]: Potentially Dangerous alternative prefix `lavasources` for name `fillable_wide_overlay`, expected `minecraft`. This could be a intended override, but in most cases indicates a broken mod.
[01:06:22] [main/WARN] [FML]: Potentially Dangerous alternative prefix `lavasources` for name `book_border_corner`, expected `minecraft`. This could be a intended override, but in most cases indicates a broken mod.
[01:06:22] [main/WARN] [FML]: Potentially Dangerous alternative prefix `lavasources` for name `book_border_horizontal`, expected `minecraft`. This could be a intended override, but in most cases indicates a broken mod.
[01:06:22] [main/WARN] [FML]: Potentially Dangerous alternative prefix `lavasources` for name `book_border_vertical`, expected `minecraft`. This could be a intended override, but in most cases indicates a broken mod.
[01:06:22] [main/WARN] [FML]: Potentially Dangerous alternative prefix `lavasources` for name `link_image_border`, expected `minecraft`. This could be a intended override, but in most cases indicates a broken mod.
[01:06:22] [main/WARN] [FML]: Potentially Dangerous alternative prefix `lavasources` for name `book_base`, expected `minecraft`. This could be a intended override, but in most cases indicates a broken mod.
[01:06:22] [main/WARN] [FML]: Potentially Dangerous alternative prefix `lavasources` for name `default_scrollable_background`, expected `minecraft`. This could be a intended override, but in most cases indicates a broken mod.
[01:06:22] [main/WARN] [FML]: Potentially Dangerous alternative prefix `lavasources` for name `lava_bucket`, expected `minecraft`. This could be a intended override, but in most cases indicates a broken mod.
